# JRE version: OpenJDK Runtime Environment (22.0.1+8) (build 22.0.1+8-16)
# Java VM: OpenJDK 64-Bit Server VM (22.0.1+8-16, mixed mode, sharing, tiered, compressed oops, compressed class ptrs, g1 gc, windows-amd64)
GC Precious Log:
 CardTable entry size: 512
 Card Set container configuration: InlinePtr #cards 4 size 8 Array Of Cards #cards 16 size 48 Howl #buckets 8 coarsen threshold 3686 Howl Bitmap #cards 512 size 80 coarsen threshold 460 Card regions per heap region 1 cards per card region 4096
 CPUs: 8 total, 8 available
 Memory: 15761M
 Large Page Support: Disabled
 NUMA Support: Disabled
 Compressed Oops: Enabled (Zero based)
 Heap Region Size: 2M
 Heap Min Capacity: 8M
 Heap Initial Capacity: 248M
 Heap Max Capacity: 3942M
 Pre-touch: Disabled
 Parallel Workers: 8
 Concurrent Workers: 2
 Concurrent Refinement Workers: 8
 Periodic GC: Disabled
Heap:
 garbage-first heap   total reserved 4036608K, committed 57344K, used 45704K [0x0000000709a00000, 0x0000000800000000)
  region size 2048K, 13 young (26624K), 1 survivors (2048K)
 Metaspace       used 58764K, committed 59328K, reserved 1114112K
  class space    used 8065K, committed 8320K, reserved 1048576K
GC Heap History (18 events):
Event: 2.446 GC heap before
{Heap before GC invocations=0 (full 0):
 garbage-first heap   total reserved 4036608K, committed 253952K, used 22528K [0x0000000709a00000, 0x0000000800000000)
  region size 2048K, 12 young (24576K), 0 survivors (0K)
 Metaspace       used 4975K, committed 5120K, reserved 1114112K
  class space    used 579K, committed 640K, reserved 1048576K
}
Event: 2.454 GC heap after
{Heap after GC invocations=1 (full 0):
 garbage-first heap   total reserved 4036608K, committed 253952K, used 7916K [0x0000000709a00000, 0x0000000800000000)
  region size 2048K, 2 young (4096K), 2 survivors (4096K)
 Metaspace       used 4975K, committed 5120K, reserved 1114112K
  class space    used 579K, committed 640K, reserved 1048576K
}
Event: 4.408 GC heap before
{Heap before GC invocations=1 (full 0):
 garbage-first heap   total reserved 4036608K, committed 253952K, used 34540K [0x0000000709a00000, 0x0000000800000000)
  region size 2048K, 15 young (30720K), 2 survivors (4096K)
 Metaspace       used 12245K, committed 12480K, reserved 1114112K
  class space    used 1582K, committed 1728K, reserved 1048576K
}
Event: 4.415 GC heap after
{Heap after GC invocations=2 (full 0):
 garbage-first heap   total reserved 4036608K, committed 253952K, used 10097K [0x0000000709a00000, 0x0000000800000000)
  region size 2048K, 2 young (4096K), 2 survivors (4096K)
 Metaspace       used 12245K, committed 12480K, reserved 1114112K
  class space    used 1582K, committed 1728K, reserved 1048576K
}
Event: 5.929 GC heap before
{Heap before GC invocations=2 (full 0):
 garbage-first heap   total reserved 4036608K, committed 253952K, used 40817K [0x0000000709a00000, 0x0000000800000000)
  region size 2048K, 18 young (36864K), 2 survivors (4096K)
 Metaspace       used 21273K, committed 21504K, reserved 1114112K
  class space    used 2720K, committed 2816K, reserved 1048576K
}
Event: 5.937 GC heap after
{Heap after GC invocations=3 (full 0):
 garbage-first heap   total reserved 4036608K, committed 253952K, used 11902K [0x0000000709a00000, 0x0000000800000000)
  region size 2048K, 3 young (6144K), 3 survivors (6144K)
 Metaspace       used 21273K, committed 21504K, reserved 1114112K
  class space    used 2720K, committed 2816K, reserved 1048576K
}
Event: 7.439 GC heap before
{Heap before GC invocations=4 (full 0):
 garbage-first heap   total reserved 4036608K, committed 49152K, used 46718K [0x0000000709a00000, 0x0000000800000000)
  region size 2048K, 20 young (40960K), 3 survivors (6144K)
 Metaspace       used 25696K, committed 25984K, reserved 1114112K
  class space    used 3287K, committed 3392K, reserved 1048576K
}
Event: 7.453 GC heap after
{Heap after GC invocations=5 (full 0):
 garbage-first heap   total reserved 4036608K, committed 57344K, used 15156K [0x0000000709a00000, 0x0000000800000000)
  region size 2048K, 4 young (8192K), 4 survivors (8192K)
 Metaspace       used 25696K, committed 25984K, reserved 1114112K
  class space    used 3287K, committed 3392K, reserved 1048576K
}
Event: 8.745 GC heap before
{Heap before GC invocations=5 (full 0):
 garbage-first heap   total reserved 4036608K, committed 57344K, used 39732K [0x0000000709a00000, 0x0000000800000000)
  region size 2048K, 16 young (32768K), 4 survivors (8192K)
 Metaspace       used 29128K, committed 29568K, reserved 1114112K
  class space    used 3820K, committed 4032K, reserved 1048576K
}
Event: 8.769 GC heap after
{Heap after GC invocations=6 (full 0):
 garbage-first heap   total reserved 4036608K, committed 57344K, used 17387K [0x0000000709a00000, 0x0000000800000000)
  region size 2048K, 2 young (4096K), 2 survivors (4096K)
 Metaspace       used 29128K, committed 29568K, reserved 1114112K
  class space    used 3820K, committed 4032K, reserved 1048576K
}
Event: 10.225 GC heap before
{Heap before GC invocations=6 (full 0):
 garbage-first heap   total reserved 4036608K, committed 57344K, used 41963K [0x0000000709a00000, 0x0000000800000000)
  region size 2048K, 14 young (28672K), 2 survivors (4096K)
 Metaspace       used 34313K, committed 34816K, reserved 1114112K
  class space    used 4590K, committed 4800K, reserved 1048576K
}
Event: 10.235 GC heap after
{Heap after GC invocations=7 (full 0):
 garbage-first heap   total reserved 4036608K, committed 57344K, used 17982K [0x0000000709a00000, 0x0000000800000000)
  region size 2048K, 2 young (4096K), 2 survivors (4096K)
 Metaspace       used 34313K, committed 34816K, reserved 1114112K
  class space    used 4590K, committed 4800K, reserved 1048576K
}
Event: 10.745 GC heap before
{Heap before GC invocations=7 (full 0):
 garbage-first heap   total reserved 4036608K, committed 57344K, used 24126K [0x0000000709a00000, 0x0000000800000000)
  region size 2048K, 6 young (12288K), 2 survivors (4096K)
 Metaspace       used 35710K, committed 36160K, reserved 1114112K
  class space    used 4850K, committed 5056K, reserved 1048576K
}
Event: 10.755 GC heap after
{Heap after GC invocations=8 (full 0):
 garbage-first heap   total reserved 4036608K, committed 57344K, used 18703K [0x0000000709a00000, 0x0000000800000000)
  region size 2048K, 1 young (2048K), 1 survivors (2048K)
 Metaspace       used 35710K, committed 36160K, reserved 1114112K
  class space    used 4850K, committed 5056K, reserved 1048576K
}
Event: 13.685 GC heap before
{Heap before GC invocations=9 (full 0):
 garbage-first heap   total reserved 4036608K, committed 57344K, used 45327K [0x0000000709a00000, 0x0000000800000000)
  region size 2048K, 14 young (28672K), 1 survivors (2048K)
 Metaspace       used 45978K, committed 46528K, reserved 1114112K
  class space    used 6156K, committed 6400K, reserved 1048576K
}
Event: 13.697 GC heap after
{Heap after GC invocations=10 (full 0):
 garbage-first heap   total reserved 4036608K, committed 57344K, used 21268K [0x0000000709a00000, 0x0000000800000000)
  region size 2048K, 2 young (4096K), 2 survivors (4096K)
 Metaspace       used 45978K, committed 46528K, reserved 1114112K
  class space    used 6156K, committed 6400K, reserved 1048576K
}
Event: 15.504 GC heap before
{Heap before GC invocations=10 (full 0):
 garbage-first heap   total reserved 4036608K, committed 57344K, used 45844K [0x0000000709a00000, 0x0000000800000000)
  region size 2048K, 15 young (30720K), 2 survivors (4096K)
 Metaspace       used 53386K, committed 53888K, reserved 1114112K
  class space    used 7247K, committed 7488K, reserved 1048576K
}
Event: 15.521 GC heap after
{Heap after GC invocations=11 (full 0):
 garbage-first heap   total reserved 4036608K, committed 57344K, used 23176K [0x0000000709a00000, 0x0000000800000000)
  region size 2048K, 1 young (2048K), 1 survivors (2048K)
 Metaspace       used 53386K, committed 53888K, reserved 1114112K
  class space    used 7247K, committed 7488K, reserved 1048576K
}

